2018-05-22 07:43:00 [::1][-][-][error][yii\web\HttpException:404] exception 'yii\base\InvalidRouteException' with message 'Unable to resolve the request: m/user/index' in D:\wamp2\www\yiistudy\vendor\yiisoft\yii2\base\Controller.php:127
Stack trace:
#0 D:\wamp2\www\yiistudy\vendor\yiisoft\yii2\base\Module.php(523): yii\base\Controller->runAction('index', Array)
#1 D:\wamp2\www\yiistudy\vendor\yiisoft\yii2\web\Application.php(102): yii\base\Module->runAction('m/user/index', Array)
#2 D:\wamp2\www\yiistudy\vendor\yiisoft\yii2\base\Application.php(380): yii\web\Application->handleRequest(Object(yii\web\Request))
#3 D:\wamp2\www\yiistudy\web\index.php(12): yii\base\Application->run()
#4 {main}

Next exception 'yii\web\NotFoundHttpException' with message 'Page not found.' in D:\wamp2\www\yiistudy\vendor\yiisoft\yii2\web\Application.php:114
Stack trace:
#0 D:\wamp2\www\yiistudy\vendor\yiisoft\yii2\base\Application.php(380): yii\web\Application->handleRequest(Object(yii\web\Request))
#1 D:\wamp2\www\yiistudy\web\index.php(12): yii\base\Application->run()
#2 {main}
2018-05-22 07:43:00 [::1][-][-][info][application] $_GET = [
    'r' => 'm/user/index'
]

$_COOKIE = [
    '_csrf' => '25d0139edc55baea8da340996b8d3e3876a38bbb1c04fc2c34c1d3c869c8c6c0a:2:{i:0;s:5:\"_csrf\";i:1;s:32:\"DBZ-RiXoKVpOydrQJh3lWMTweSFalblR\";}'
]

$_SERVER = [
    'HTTP_HOST' => 'localhost'
    'HTTP_CONNECTION' => 'keep-alive'
    'HTTP_UPGRADE_INSECURE_REQUESTS' => '1'
    'HTTP_USER_AGENT' => 'Mozilla/5.0 (Windows NT 6.1; WOW64) AppleWebKit/537.36 (KHTML, like Gecko) Chrome/66.0.3359.170 Safari/537.36'
    'HTTP_ACCEPT' => 'text/html,application/xhtml+xml,application/xml;q=0.9,image/webp,image/apng,*/*;q=0.8'
    'HTTP_ACCEPT_ENCODING' => 'gzip, deflate, br'
    'HTTP_ACCEPT_LANGUAGE' => 'zh-CN,zh;q=0.9'
    'HTTP_COOKIE' => '_csrf=25d0139edc55baea8da340996b8d3e3876a38bbb1c04fc2c34c1d3c869c8c6c0a%3A2%3A%7Bi%3A0%3Bs%3A5%3A%22_csrf%22%3Bi%3A1%3Bs%3A32%3A%22DBZ-RiXoKVpOydrQJh3lWMTweSFalblR%22%3B%7D'
    'PATH' => 'C:\\Windows\\system32;C:\\Windows;C:\\Windows\\System32\\Wbem;C:\\Windows\\System32\\WindowsPowerShell\\v1.0\\;D:\\svn\\bin;D:\\Git\\cmd;'
    'SystemRoot' => 'C:\\Windows'
    'COMSPEC' => 'C:\\Windows\\system32\\cmd.exe'
    'PATHEXT' => '.COM;.EXE;.BAT;.CMD;.VBS;.VBE;.JS;.JSE;.WSF;.WSH;.MSC'
    'WINDIR' => 'C:\\Windows'
    'SERVER_SIGNATURE' => '<address>Apache/2.4.9 (Win32) PHP/5.5.12 Server at localhost Port 80</address>
'
    'SERVER_SOFTWARE' => 'Apache/2.4.9 (Win32) PHP/5.5.12'
    'SERVER_NAME' => 'localhost'
    'SERVER_ADDR' => '::1'
    'SERVER_PORT' => '80'
    'REMOTE_ADDR' => '::1'
    'DOCUMENT_ROOT' => 'D:/wamp2/www/yiistudy/web/'
    'REQUEST_SCHEME' => 'http'
    'CONTEXT_PREFIX' => ''
    'CONTEXT_DOCUMENT_ROOT' => 'D:/wamp2/www/yiistudy/web/'
    'SERVER_ADMIN' => 'admin@example.com'
    'SCRIPT_FILENAME' => 'D:/wamp2/www/yiistudy/web/index.php'
    'REMOTE_PORT' => '50485'
    'GATEWAY_INTERFACE' => 'CGI/1.1'
    'SERVER_PROTOCOL' => 'HTTP/1.1'
    'REQUEST_METHOD' => 'GET'
    'QUERY_STRING' => 'r=m/user/index'
    'REQUEST_URI' => '/index.php?r=m/user/index'
    'SCRIPT_NAME' => '/index.php'
    'PHP_SELF' => '/index.php'
    'REQUEST_TIME_FLOAT' => 1526967780.524
    'REQUEST_TIME' => 1526967780
]
2018-05-22 07:59:01 [::1][-][-][error][yii\web\HttpException:404] exception 'yii\base\InvalidRouteException' with message 'Unable to resolve the request: m/user/address_set' in D:\wamp2\www\yiistudy\vendor\yiisoft\yii2\base\Controller.php:127
Stack trace:
#0 D:\wamp2\www\yiistudy\vendor\yiisoft\yii2\base\Module.php(523): yii\base\Controller->runAction('address_set', Array)
#1 D:\wamp2\www\yiistudy\vendor\yiisoft\yii2\web\Application.php(102): yii\base\Module->runAction('m/user/address_...', Array)
#2 D:\wamp2\www\yiistudy\vendor\yiisoft\yii2\base\Application.php(380): yii\web\Application->handleRequest(Object(yii\web\Request))
#3 D:\wamp2\www\yiistudy\web\index.php(12): yii\base\Application->run()
#4 {main}

Next exception 'yii\web\NotFoundHttpException' with message 'Page not found.' in D:\wamp2\www\yiistudy\vendor\yiisoft\yii2\web\Application.php:114
Stack trace:
#0 D:\wamp2\www\yiistudy\vendor\yiisoft\yii2\base\Application.php(380): yii\web\Application->handleRequest(Object(yii\web\Request))
#1 D:\wamp2\www\yiistudy\web\index.php(12): yii\base\Application->run()
#2 {main}
2018-05-22 07:59:01 [::1][-][-][info][application] $_GET = [
    'r' => 'm/user/address_set'
]

$_COOKIE = [
    '_csrf' => '25d0139edc55baea8da340996b8d3e3876a38bbb1c04fc2c34c1d3c869c8c6c0a:2:{i:0;s:5:\"_csrf\";i:1;s:32:\"DBZ-RiXoKVpOydrQJh3lWMTweSFalblR\";}'
]

$_SERVER = [
    'HTTP_HOST' => 'localhost'
    'HTTP_CONNECTION' => 'keep-alive'
    'HTTP_UPGRADE_INSECURE_REQUESTS' => '1'
    'HTTP_USER_AGENT' => 'Mozilla/5.0 (Windows NT 6.1; WOW64) AppleWebKit/537.36 (KHTML, like Gecko) Chrome/66.0.3359.170 Safari/537.36'
    'HTTP_ACCEPT' => 'text/html,application/xhtml+xml,application/xml;q=0.9,image/webp,image/apng,*/*;q=0.8'
    'HTTP_ACCEPT_ENCODING' => 'gzip, deflate, br'
    'HTTP_ACCEPT_LANGUAGE' => 'zh-CN,zh;q=0.9'
    'HTTP_COOKIE' => '_csrf=25d0139edc55baea8da340996b8d3e3876a38bbb1c04fc2c34c1d3c869c8c6c0a%3A2%3A%7Bi%3A0%3Bs%3A5%3A%22_csrf%22%3Bi%3A1%3Bs%3A32%3A%22DBZ-RiXoKVpOydrQJh3lWMTweSFalblR%22%3B%7D'
    'PATH' => 'C:\\Windows\\system32;C:\\Windows;C:\\Windows\\System32\\Wbem;C:\\Windows\\System32\\WindowsPowerShell\\v1.0\\;D:\\svn\\bin;D:\\Git\\cmd;'
    'SystemRoot' => 'C:\\Windows'
    'COMSPEC' => 'C:\\Windows\\system32\\cmd.exe'
    'PATHEXT' => '.COM;.EXE;.BAT;.CMD;.VBS;.VBE;.JS;.JSE;.WSF;.WSH;.MSC'
    'WINDIR' => 'C:\\Windows'
    'SERVER_SIGNATURE' => '<address>Apache/2.4.9 (Win32) PHP/5.5.12 Server at localhost Port 80</address>
'
    'SERVER_SOFTWARE' => 'Apache/2.4.9 (Win32) PHP/5.5.12'
    'SERVER_NAME' => 'localhost'
    'SERVER_ADDR' => '::1'
    'SERVER_PORT' => '80'
    'REMOTE_ADDR' => '::1'
    'DOCUMENT_ROOT' => 'D:/wamp2/www/yiistudy/web/'
    'REQUEST_SCHEME' => 'http'
    'CONTEXT_PREFIX' => ''
    'CONTEXT_DOCUMENT_ROOT' => 'D:/wamp2/www/yiistudy/web/'
    'SERVER_ADMIN' => 'admin@example.com'
    'SCRIPT_FILENAME' => 'D:/wamp2/www/yiistudy/web/index.php'
    'REMOTE_PORT' => '51018'
    'GATEWAY_INTERFACE' => 'CGI/1.1'
    'SERVER_PROTOCOL' => 'HTTP/1.1'
    'REQUEST_METHOD' => 'GET'
    'QUERY_STRING' => 'r=m/user/address_set'
    'REQUEST_URI' => '/index.php?r=m/user/address_set'
    'SCRIPT_NAME' => '/index.php'
    'PHP_SELF' => '/index.php'
    'REQUEST_TIME_FLOAT' => 1526968741.839
    'REQUEST_TIME' => 1526968741
]
2018-05-22 07:59:37 [::1][-][-][error][yii\web\HttpException:404] exception 'yii\base\InvalidRouteException' with message 'Unable to resolve the request: m/user/address_set' in D:\wamp2\www\yiistudy\vendor\yiisoft\yii2\base\Controller.php:127
Stack trace:
#0 D:\wamp2\www\yiistudy\vendor\yiisoft\yii2\base\Module.php(523): yii\base\Controller->runAction('address_set', Array)
#1 D:\wamp2\www\yiistudy\vendor\yiisoft\yii2\web\Application.php(102): yii\base\Module->runAction('m/user/address_...', Array)
#2 D:\wamp2\www\yiistudy\vendor\yiisoft\yii2\base\Application.php(380): yii\web\Application->handleRequest(Object(yii\web\Request))
#3 D:\wamp2\www\yiistudy\web\index.php(12): yii\base\Application->run()
#4 {main}

Next exception 'yii\web\NotFoundHttpException' with message 'Page not found.' in D:\wamp2\www\yiistudy\vendor\yiisoft\yii2\web\Application.php:114
Stack trace:
#0 D:\wamp2\www\yiistudy\vendor\yiisoft\yii2\base\Application.php(380): yii\web\Application->handleRequest(Object(yii\web\Request))
#1 D:\wamp2\www\yiistudy\web\index.php(12): yii\base\Application->run()
#2 {main}
2018-05-22 07:59:36 [::1][-][-][info][application] $_GET = [
    'r' => 'm/user/address_set'
]

$_COOKIE = [
    '_csrf' => '25d0139edc55baea8da340996b8d3e3876a38bbb1c04fc2c34c1d3c869c8c6c0a:2:{i:0;s:5:\"_csrf\";i:1;s:32:\"DBZ-RiXoKVpOydrQJh3lWMTweSFalblR\";}'
]

$_SERVER = [
    'HTTP_HOST' => 'localhost'
    'HTTP_CONNECTION' => 'keep-alive'
    'HTTP_CACHE_CONTROL' => 'max-age=0'
    'HTTP_UPGRADE_INSECURE_REQUESTS' => '1'
    'HTTP_USER_AGENT' => 'Mozilla/5.0 (Windows NT 6.1; WOW64) AppleWebKit/537.36 (KHTML, like Gecko) Chrome/66.0.3359.170 Safari/537.36'
    'HTTP_ACCEPT' => 'text/html,application/xhtml+xml,application/xml;q=0.9,image/webp,image/apng,*/*;q=0.8'
    'HTTP_ACCEPT_ENCODING' => 'gzip, deflate, br'
    'HTTP_ACCEPT_LANGUAGE' => 'zh-CN,zh;q=0.9'
    'HTTP_COOKIE' => '_csrf=25d0139edc55baea8da340996b8d3e3876a38bbb1c04fc2c34c1d3c869c8c6c0a%3A2%3A%7Bi%3A0%3Bs%3A5%3A%22_csrf%22%3Bi%3A1%3Bs%3A32%3A%22DBZ-RiXoKVpOydrQJh3lWMTweSFalblR%22%3B%7D'
    'PATH' => 'C:\\Windows\\system32;C:\\Windows;C:\\Windows\\System32\\Wbem;C:\\Windows\\System32\\WindowsPowerShell\\v1.0\\;D:\\svn\\bin;D:\\Git\\cmd;'
    'SystemRoot' => 'C:\\Windows'
    'COMSPEC' => 'C:\\Windows\\system32\\cmd.exe'
    'PATHEXT' => '.COM;.EXE;.BAT;.CMD;.VBS;.VBE;.JS;.JSE;.WSF;.WSH;.MSC'
    'WINDIR' => 'C:\\Windows'
    'SERVER_SIGNATURE' => '<address>Apache/2.4.9 (Win32) PHP/5.5.12 Server at localhost Port 80</address>
'
    'SERVER_SOFTWARE' => 'Apache/2.4.9 (Win32) PHP/5.5.12'
    'SERVER_NAME' => 'localhost'
    'SERVER_ADDR' => '::1'
    'SERVER_PORT' => '80'
    'REMOTE_ADDR' => '::1'
    'DOCUMENT_ROOT' => 'D:/wamp2/www/yiistudy/web/'
    'REQUEST_SCHEME' => 'http'
    'CONTEXT_PREFIX' => ''
    'CONTEXT_DOCUMENT_ROOT' => 'D:/wamp2/www/yiistudy/web/'
    'SERVER_ADMIN' => 'admin@example.com'
    'SCRIPT_FILENAME' => 'D:/wamp2/www/yiistudy/web/index.php'
    'REMOTE_PORT' => '51043'
    'GATEWAY_INTERFACE' => 'CGI/1.1'
    'SERVER_PROTOCOL' => 'HTTP/1.1'
    'REQUEST_METHOD' => 'GET'
    'QUERY_STRING' => 'r=m/user/address_set'
    'REQUEST_URI' => '/index.php?r=m/user/address_set'
    'SCRIPT_NAME' => '/index.php'
    'PHP_SELF' => '/index.php'
    'REQUEST_TIME_FLOAT' => 1526968776.968
    'REQUEST_TIME' => 1526968776
]
2018-05-22 07:59:39 [::1][-][-][error][yii\web\HttpException:404] exception 'yii\base\InvalidRouteException' with message 'Unable to resolve the request: m/user/addressset' in D:\wamp2\www\yiistudy\vendor\yiisoft\yii2\base\Controller.php:127
Stack trace:
#0 D:\wamp2\www\yiistudy\vendor\yiisoft\yii2\base\Module.php(523): yii\base\Controller->runAction('addressset', Array)
#1 D:\wamp2\www\yiistudy\vendor\yiisoft\yii2\web\Application.php(102): yii\base\Module->runAction('m/user/addresss...', Array)
#2 D:\wamp2\www\yiistudy\vendor\yiisoft\yii2\base\Application.php(380): yii\web\Application->handleRequest(Object(yii\web\Request))
#3 D:\wamp2\www\yiistudy\web\index.php(12): yii\base\Application->run()
#4 {main}

Next exception 'yii\web\NotFoundHttpException' with message 'Page not found.' in D:\wamp2\www\yiistudy\vendor\yiisoft\yii2\web\Application.php:114
Stack trace:
#0 D:\wamp2\www\yiistudy\vendor\yiisoft\yii2\base\Application.php(380): yii\web\Application->handleRequest(Object(yii\web\Request))
#1 D:\wamp2\www\yiistudy\web\index.php(12): yii\base\Application->run()
#2 {main}
2018-05-22 07:59:39 [::1][-][-][info][application] $_GET = [
    'r' => 'm/user/addressset'
]

$_COOKIE = [
    '_csrf' => '25d0139edc55baea8da340996b8d3e3876a38bbb1c04fc2c34c1d3c869c8c6c0a:2:{i:0;s:5:\"_csrf\";i:1;s:32:\"DBZ-RiXoKVpOydrQJh3lWMTweSFalblR\";}'
]

$_SERVER = [
    'HTTP_HOST' => 'localhost'
    'HTTP_CONNECTION' => 'keep-alive'
    'HTTP_UPGRADE_INSECURE_REQUESTS' => '1'
    'HTTP_USER_AGENT' => 'Mozilla/5.0 (Windows NT 6.1; WOW64) AppleWebKit/537.36 (KHTML, like Gecko) Chrome/66.0.3359.170 Safari/537.36'
    'HTTP_ACCEPT' => 'text/html,application/xhtml+xml,application/xml;q=0.9,image/webp,image/apng,*/*;q=0.8'
    'HTTP_ACCEPT_ENCODING' => 'gzip, deflate, br'
    'HTTP_ACCEPT_LANGUAGE' => 'zh-CN,zh;q=0.9'
    'HTTP_COOKIE' => '_csrf=25d0139edc55baea8da340996b8d3e3876a38bbb1c04fc2c34c1d3c869c8c6c0a%3A2%3A%7Bi%3A0%3Bs%3A5%3A%22_csrf%22%3Bi%3A1%3Bs%3A32%3A%22DBZ-RiXoKVpOydrQJh3lWMTweSFalblR%22%3B%7D'
    'PATH' => 'C:\\Windows\\system32;C:\\Windows;C:\\Windows\\System32\\Wbem;C:\\Windows\\System32\\WindowsPowerShell\\v1.0\\;D:\\svn\\bin;D:\\Git\\cmd;'
    'SystemRoot' => 'C:\\Windows'
    'COMSPEC' => 'C:\\Windows\\system32\\cmd.exe'
    'PATHEXT' => '.COM;.EXE;.BAT;.CMD;.VBS;.VBE;.JS;.JSE;.WSF;.WSH;.MSC'
    'WINDIR' => 'C:\\Windows'
    'SERVER_SIGNATURE' => '<address>Apache/2.4.9 (Win32) PHP/5.5.12 Server at localhost Port 80</address>
'
    'SERVER_SOFTWARE' => 'Apache/2.4.9 (Win32) PHP/5.5.12'
    'SERVER_NAME' => 'localhost'
    'SERVER_ADDR' => '::1'
    'SERVER_PORT' => '80'
    'REMOTE_ADDR' => '::1'
    'DOCUMENT_ROOT' => 'D:/wamp2/www/yiistudy/web/'
    'REQUEST_SCHEME' => 'http'
    'CONTEXT_PREFIX' => ''
    'CONTEXT_DOCUMENT_ROOT' => 'D:/wamp2/www/yiistudy/web/'
    'SERVER_ADMIN' => 'admin@example.com'
    'SCRIPT_FILENAME' => 'D:/wamp2/www/yiistudy/web/index.php'
    'REMOTE_PORT' => '51044'
    'GATEWAY_INTERFACE' => 'CGI/1.1'
    'SERVER_PROTOCOL' => 'HTTP/1.1'
    'REQUEST_METHOD' => 'GET'
    'QUERY_STRING' => 'r=m/user/addressset'
    'REQUEST_URI' => '/index.php?r=m/user/addressset'
    'SCRIPT_NAME' => '/index.php'
    'PHP_SELF' => '/index.php'
    'REQUEST_TIME_FLOAT' => 1526968779.915
    'REQUEST_TIME' => 1526968779
]
2018-05-22 07:59:56 [::1][-][-][error][yii\web\HttpException:404] exception 'yii\base\InvalidRouteException' with message 'Unable to resolve the request: m/user/addressset' in D:\wamp2\www\yiistudy\vendor\yiisoft\yii2\base\Controller.php:127
Stack trace:
#0 D:\wamp2\www\yiistudy\vendor\yiisoft\yii2\base\Module.php(523): yii\base\Controller->runAction('addressset', Array)
#1 D:\wamp2\www\yiistudy\vendor\yiisoft\yii2\web\Application.php(102): yii\base\Module->runAction('m/user/addresss...', Array)
#2 D:\wamp2\www\yiistudy\vendor\yiisoft\yii2\base\Application.php(380): yii\web\Application->handleRequest(Object(yii\web\Request))
#3 D:\wamp2\www\yiistudy\web\index.php(12): yii\base\Application->run()
#4 {main}

Next exception 'yii\web\NotFoundHttpException' with message 'Page not found.' in D:\wamp2\www\yiistudy\vendor\yiisoft\yii2\web\Application.php:114
Stack trace:
#0 D:\wamp2\www\yiistudy\vendor\yiisoft\yii2\base\Application.php(380): yii\web\Application->handleRequest(Object(yii\web\Request))
#1 D:\wamp2\www\yiistudy\web\index.php(12): yii\base\Application->run()
#2 {main}
2018-05-22 07:59:56 [::1][-][-][info][application] $_GET = [
    'r' => 'm/user/addressset'
]

$_COOKIE = [
    '_csrf' => '25d0139edc55baea8da340996b8d3e3876a38bbb1c04fc2c34c1d3c869c8c6c0a:2:{i:0;s:5:\"_csrf\";i:1;s:32:\"DBZ-RiXoKVpOydrQJh3lWMTweSFalblR\";}'
]

$_SERVER = [
    'HTTP_HOST' => 'localhost'
    'HTTP_CONNECTION' => 'keep-alive'
    'HTTP_CACHE_CONTROL' => 'max-age=0'
    'HTTP_UPGRADE_INSECURE_REQUESTS' => '1'
    'HTTP_USER_AGENT' => 'Mozilla/5.0 (Windows NT 6.1; WOW64) AppleWebKit/537.36 (KHTML, like Gecko) Chrome/66.0.3359.170 Safari/537.36'
    'HTTP_ACCEPT' => 'text/html,application/xhtml+xml,application/xml;q=0.9,image/webp,image/apng,*/*;q=0.8'
    'HTTP_ACCEPT_ENCODING' => 'gzip, deflate, br'
    'HTTP_ACCEPT_LANGUAGE' => 'zh-CN,zh;q=0.9'
    'HTTP_COOKIE' => '_csrf=25d0139edc55baea8da340996b8d3e3876a38bbb1c04fc2c34c1d3c869c8c6c0a%3A2%3A%7Bi%3A0%3Bs%3A5%3A%22_csrf%22%3Bi%3A1%3Bs%3A32%3A%22DBZ-RiXoKVpOydrQJh3lWMTweSFalblR%22%3B%7D'
    'PATH' => 'C:\\Windows\\system32;C:\\Windows;C:\\Windows\\System32\\Wbem;C:\\Windows\\System32\\WindowsPowerShell\\v1.0\\;D:\\svn\\bin;D:\\Git\\cmd;'
    'SystemRoot' => 'C:\\Windows'
    'COMSPEC' => 'C:\\Windows\\system32\\cmd.exe'
    'PATHEXT' => '.COM;.EXE;.BAT;.CMD;.VBS;.VBE;.JS;.JSE;.WSF;.WSH;.MSC'
    'WINDIR' => 'C:\\Windows'
    'SERVER_SIGNATURE' => '<address>Apache/2.4.9 (Win32) PHP/5.5.12 Server at localhost Port 80</address>
'
    'SERVER_SOFTWARE' => 'Apache/2.4.9 (Win32) PHP/5.5.12'
    'SERVER_NAME' => 'localhost'
    'SERVER_ADDR' => '::1'
    'SERVER_PORT' => '80'
    'REMOTE_ADDR' => '::1'
    'DOCUMENT_ROOT' => 'D:/wamp2/www/yiistudy/web/'
    'REQUEST_SCHEME' => 'http'
    'CONTEXT_PREFIX' => ''
    'CONTEXT_DOCUMENT_ROOT' => 'D:/wamp2/www/yiistudy/web/'
    'SERVER_ADMIN' => 'admin@example.com'
    'SCRIPT_FILENAME' => 'D:/wamp2/www/yiistudy/web/index.php'
    'REMOTE_PORT' => '51057'
    'GATEWAY_INTERFACE' => 'CGI/1.1'
    'SERVER_PROTOCOL' => 'HTTP/1.1'
    'REQUEST_METHOD' => 'GET'
    'QUERY_STRING' => 'r=m/user/addressset'
    'REQUEST_URI' => '/index.php?r=m/user/addressset'
    'SCRIPT_NAME' => '/index.php'
    'PHP_SELF' => '/index.php'
    'REQUEST_TIME_FLOAT' => 1526968796.665
    'REQUEST_TIME' => 1526968796
]
2018-05-22 07:59:57 [::1][-][-][error][yii\web\HttpException:404] exception 'yii\base\InvalidRouteException' with message 'Unable to resolve the request: m/user/addressset' in D:\wamp2\www\yiistudy\vendor\yiisoft\yii2\base\Controller.php:127
Stack trace:
#0 D:\wamp2\www\yiistudy\vendor\yiisoft\yii2\base\Module.php(523): yii\base\Controller->runAction('addressset', Array)
#1 D:\wamp2\www\yiistudy\vendor\yiisoft\yii2\web\Application.php(102): yii\base\Module->runAction('m/user/addresss...', Array)
#2 D:\wamp2\www\yiistudy\vendor\yiisoft\yii2\base\Application.php(380): yii\web\Application->handleRequest(Object(yii\web\Request))
#3 D:\wamp2\www\yiistudy\web\index.php(12): yii\base\Application->run()
#4 {main}

Next exception 'yii\web\NotFoundHttpException' with message 'Page not found.' in D:\wamp2\www\yiistudy\vendor\yiisoft\yii2\web\Application.php:114
Stack trace:
#0 D:\wamp2\www\yiistudy\vendor\yiisoft\yii2\base\Application.php(380): yii\web\Application->handleRequest(Object(yii\web\Request))
#1 D:\wamp2\www\yiistudy\web\index.php(12): yii\base\Application->run()
#2 {main}
2018-05-22 07:59:57 [::1][-][-][info][application] $_GET = [
    'r' => 'm/user/addressset'
]

$_COOKIE = [
    '_csrf' => '25d0139edc55baea8da340996b8d3e3876a38bbb1c04fc2c34c1d3c869c8c6c0a:2:{i:0;s:5:\"_csrf\";i:1;s:32:\"DBZ-RiXoKVpOydrQJh3lWMTweSFalblR\";}'
]

$_SERVER = [
    'HTTP_HOST' => 'localhost'
    'HTTP_CONNECTION' => 'keep-alive'
    'HTTP_CACHE_CONTROL' => 'max-age=0'
    'HTTP_UPGRADE_INSECURE_REQUESTS' => '1'
    'HTTP_USER_AGENT' => 'Mozilla/5.0 (Windows NT 6.1; WOW64) AppleWebKit/537.36 (KHTML, like Gecko) Chrome/66.0.3359.170 Safari/537.36'
    'HTTP_ACCEPT' => 'text/html,application/xhtml+xml,application/xml;q=0.9,image/webp,image/apng,*/*;q=0.8'
    'HTTP_ACCEPT_ENCODING' => 'gzip, deflate, br'
    'HTTP_ACCEPT_LANGUAGE' => 'zh-CN,zh;q=0.9'
    'HTTP_COOKIE' => '_csrf=25d0139edc55baea8da340996b8d3e3876a38bbb1c04fc2c34c1d3c869c8c6c0a%3A2%3A%7Bi%3A0%3Bs%3A5%3A%22_csrf%22%3Bi%3A1%3Bs%3A32%3A%22DBZ-RiXoKVpOydrQJh3lWMTweSFalblR%22%3B%7D'
    'PATH' => 'C:\\Windows\\system32;C:\\Windows;C:\\Windows\\System32\\Wbem;C:\\Windows\\System32\\WindowsPowerShell\\v1.0\\;D:\\svn\\bin;D:\\Git\\cmd;'
    'SystemRoot' => 'C:\\Windows'
    'COMSPEC' => 'C:\\Windows\\system32\\cmd.exe'
    'PATHEXT' => '.COM;.EXE;.BAT;.CMD;.VBS;.VBE;.JS;.JSE;.WSF;.WSH;.MSC'
    'WINDIR' => 'C:\\Windows'
    'SERVER_SIGNATURE' => '<address>Apache/2.4.9 (Win32) PHP/5.5.12 Server at localhost Port 80</address>
'
    'SERVER_SOFTWARE' => 'Apache/2.4.9 (Win32) PHP/5.5.12'
    'SERVER_NAME' => 'localhost'
    'SERVER_ADDR' => '::1'
    'SERVER_PORT' => '80'
    'REMOTE_ADDR' => '::1'
    'DOCUMENT_ROOT' => 'D:/wamp2/www/yiistudy/web/'
    'REQUEST_SCHEME' => 'http'
    'CONTEXT_PREFIX' => ''
    'CONTEXT_DOCUMENT_ROOT' => 'D:/wamp2/www/yiistudy/web/'
    'SERVER_ADMIN' => 'admin@example.com'
    'SCRIPT_FILENAME' => 'D:/wamp2/www/yiistudy/web/index.php'
    'REMOTE_PORT' => '51057'
    'GATEWAY_INTERFACE' => 'CGI/1.1'
    'SERVER_PROTOCOL' => 'HTTP/1.1'
    'REQUEST_METHOD' => 'GET'
    'QUERY_STRING' => 'r=m/user/addressset'
    'REQUEST_URI' => '/index.php?r=m/user/addressset'
    'SCRIPT_NAME' => '/index.php'
    'PHP_SELF' => '/index.php'
    'REQUEST_TIME_FLOAT' => 1526968797.286
    'REQUEST_TIME' => 1526968797
]
2018-05-22 07:59:57 [::1][-][-][error][yii\web\HttpException:404] exception 'yii\base\InvalidRouteException' with message 'Unable to resolve the request: m/user/addressset' in D:\wamp2\www\yiistudy\vendor\yiisoft\yii2\base\Controller.php:127
Stack trace:
#0 D:\wamp2\www\yiistudy\vendor\yiisoft\yii2\base\Module.php(523): yii\base\Controller->runAction('addressset', Array)
#1 D:\wamp2\www\yiistudy\vendor\yiisoft\yii2\web\Application.php(102): yii\base\Module->runAction('m/user/addresss...', Array)
#2 D:\wamp2\www\yiistudy\vendor\yiisoft\yii2\base\Application.php(380): yii\web\Application->handleRequest(Object(yii\web\Request))
#3 D:\wamp2\www\yiistudy\web\index.php(12): yii\base\Application->run()
#4 {main}

Next exception 'yii\web\NotFoundHttpException' with message 'Page not found.' in D:\wamp2\www\yiistudy\vendor\yiisoft\yii2\web\Application.php:114
Stack trace:
#0 D:\wamp2\www\yiistudy\vendor\yiisoft\yii2\base\Application.php(380): yii\web\Application->handleRequest(Object(yii\web\Request))
#1 D:\wamp2\www\yiistudy\web\index.php(12): yii\base\Application->run()
#2 {main}
2018-05-22 07:59:57 [::1][-][-][info][application] $_GET = [
    'r' => 'm/user/addressset'
]

$_COOKIE = [
    '_csrf' => '25d0139edc55baea8da340996b8d3e3876a38bbb1c04fc2c34c1d3c869c8c6c0a:2:{i:0;s:5:\"_csrf\";i:1;s:32:\"DBZ-RiXoKVpOydrQJh3lWMTweSFalblR\";}'
]

$_SERVER = [
    'HTTP_HOST' => 'localhost'
    'HTTP_CONNECTION' => 'keep-alive'
    'HTTP_CACHE_CONTROL' => 'max-age=0'
    'HTTP_UPGRADE_INSECURE_REQUESTS' => '1'
    'HTTP_USER_AGENT' => 'Mozilla/5.0 (Windows NT 6.1; WOW64) AppleWebKit/537.36 (KHTML, like Gecko) Chrome/66.0.3359.170 Safari/537.36'
    'HTTP_ACCEPT' => 'text/html,application/xhtml+xml,application/xml;q=0.9,image/webp,image/apng,*/*;q=0.8'
    'HTTP_ACCEPT_ENCODING' => 'gzip, deflate, br'
    'HTTP_ACCEPT_LANGUAGE' => 'zh-CN,zh;q=0.9'
    'HTTP_COOKIE' => '_csrf=25d0139edc55baea8da340996b8d3e3876a38bbb1c04fc2c34c1d3c869c8c6c0a%3A2%3A%7Bi%3A0%3Bs%3A5%3A%22_csrf%22%3Bi%3A1%3Bs%3A32%3A%22DBZ-RiXoKVpOydrQJh3lWMTweSFalblR%22%3B%7D'
    'PATH' => 'C:\\Windows\\system32;C:\\Windows;C:\\Windows\\System32\\Wbem;C:\\Windows\\System32\\WindowsPowerShell\\v1.0\\;D:\\svn\\bin;D:\\Git\\cmd;'
    'SystemRoot' => 'C:\\Windows'
    'COMSPEC' => 'C:\\Windows\\system32\\cmd.exe'
    'PATHEXT' => '.COM;.EXE;.BAT;.CMD;.VBS;.VBE;.JS;.JSE;.WSF;.WSH;.MSC'
    'WINDIR' => 'C:\\Windows'
    'SERVER_SIGNATURE' => '<address>Apache/2.4.9 (Win32) PHP/5.5.12 Server at localhost Port 80</address>
'
    'SERVER_SOFTWARE' => 'Apache/2.4.9 (Win32) PHP/5.5.12'
    'SERVER_NAME' => 'localhost'
    'SERVER_ADDR' => '::1'
    'SERVER_PORT' => '80'
    'REMOTE_ADDR' => '::1'
    'DOCUMENT_ROOT' => 'D:/wamp2/www/yiistudy/web/'
    'REQUEST_SCHEME' => 'http'
    'CONTEXT_PREFIX' => ''
    'CONTEXT_DOCUMENT_ROOT' => 'D:/wamp2/www/yiistudy/web/'
    'SERVER_ADMIN' => 'admin@example.com'
    'SCRIPT_FILENAME' => 'D:/wamp2/www/yiistudy/web/index.php'
    'REMOTE_PORT' => '51058'
    'GATEWAY_INTERFACE' => 'CGI/1.1'
    'SERVER_PROTOCOL' => 'HTTP/1.1'
    'REQUEST_METHOD' => 'GET'
    'QUERY_STRING' => 'r=m/user/addressset'
    'REQUEST_URI' => '/index.php?r=m/user/addressset'
    'SCRIPT_NAME' => '/index.php'
    'PHP_SELF' => '/index.php'
    'REQUEST_TIME_FLOAT' => 1526968797.465
    'REQUEST_TIME' => 1526968797
]
2018-05-22 07:59:57 [::1][-][-][error][yii\web\HttpException:404] exception 'yii\base\InvalidRouteException' with message 'Unable to resolve the request: m/user/addressset' in D:\wamp2\www\yiistudy\vendor\yiisoft\yii2\base\Controller.php:127
Stack trace:
#0 D:\wamp2\www\yiistudy\vendor\yiisoft\yii2\base\Module.php(523): yii\base\Controller->runAction('addressset', Array)
#1 D:\wamp2\www\yiistudy\vendor\yiisoft\yii2\web\Application.php(102): yii\base\Module->runAction('m/user/addresss...', Array)
#2 D:\wamp2\www\yiistudy\vendor\yiisoft\yii2\base\Application.php(380): yii\web\Application->handleRequest(Object(yii\web\Request))
#3 D:\wamp2\www\yiistudy\web\index.php(12): yii\base\Application->run()
#4 {main}

Next exception 'yii\web\NotFoundHttpException' with message 'Page not found.' in D:\wamp2\www\yiistudy\vendor\yiisoft\yii2\web\Application.php:114
Stack trace:
#0 D:\wamp2\www\yiistudy\vendor\yiisoft\yii2\base\Application.php(380): yii\web\Application->handleRequest(Object(yii\web\Request))
#1 D:\wamp2\www\yiistudy\web\index.php(12): yii\base\Application->run()
#2 {main}
2018-05-22 07:59:57 [::1][-][-][info][application] $_GET = [
    'r' => 'm/user/addressset'
]

$_COOKIE = [
    '_csrf' => '25d0139edc55baea8da340996b8d3e3876a38bbb1c04fc2c34c1d3c869c8c6c0a:2:{i:0;s:5:\"_csrf\";i:1;s:32:\"DBZ-RiXoKVpOydrQJh3lWMTweSFalblR\";}'
]

$_SERVER = [
    'HTTP_HOST' => 'localhost'
    'HTTP_CONNECTION' => 'keep-alive'
    'HTTP_CACHE_CONTROL' => 'max-age=0'
    'HTTP_UPGRADE_INSECURE_REQUESTS' => '1'
    'HTTP_USER_AGENT' => 'Mozilla/5.0 (Windows NT 6.1; WOW64) AppleWebKit/537.36 (KHTML, like Gecko) Chrome/66.0.3359.170 Safari/537.36'
    'HTTP_ACCEPT' => 'text/html,application/xhtml+xml,application/xml;q=0.9,image/webp,image/apng,*/*;q=0.8'
    'HTTP_ACCEPT_ENCODING' => 'gzip, deflate, br'
    'HTTP_ACCEPT_LANGUAGE' => 'zh-CN,zh;q=0.9'
    'HTTP_COOKIE' => '_csrf=25d0139edc55baea8da340996b8d3e3876a38bbb1c04fc2c34c1d3c869c8c6c0a%3A2%3A%7Bi%3A0%3Bs%3A5%3A%22_csrf%22%3Bi%3A1%3Bs%3A32%3A%22DBZ-RiXoKVpOydrQJh3lWMTweSFalblR%22%3B%7D'
    'PATH' => 'C:\\Windows\\system32;C:\\Windows;C:\\Windows\\System32\\Wbem;C:\\Windows\\System32\\WindowsPowerShell\\v1.0\\;D:\\svn\\bin;D:\\Git\\cmd;'
    'SystemRoot' => 'C:\\Windows'
    'COMSPEC' => 'C:\\Windows\\system32\\cmd.exe'
    'PATHEXT' => '.COM;.EXE;.BAT;.CMD;.VBS;.VBE;.JS;.JSE;.WSF;.WSH;.MSC'
    'WINDIR' => 'C:\\Windows'
    'SERVER_SIGNATURE' => '<address>Apache/2.4.9 (Win32) PHP/5.5.12 Server at localhost Port 80</address>
'
    'SERVER_SOFTWARE' => 'Apache/2.4.9 (Win32) PHP/5.5.12'
    'SERVER_NAME' => 'localhost'
    'SERVER_ADDR' => '::1'
    'SERVER_PORT' => '80'
    'REMOTE_ADDR' => '::1'
    'DOCUMENT_ROOT' => 'D:/wamp2/www/yiistudy/web/'
    'REQUEST_SCHEME' => 'http'
    'CONTEXT_PREFIX' => ''
    'CONTEXT_DOCUMENT_ROOT' => 'D:/wamp2/www/yiistudy/web/'
    'SERVER_ADMIN' => 'admin@example.com'
    'SCRIPT_FILENAME' => 'D:/wamp2/www/yiistudy/web/index.php'
    'REMOTE_PORT' => '51057'
    'GATEWAY_INTERFACE' => 'CGI/1.1'
    'SERVER_PROTOCOL' => 'HTTP/1.1'
    'REQUEST_METHOD' => 'GET'
    'QUERY_STRING' => 'r=m/user/addressset'
    'REQUEST_URI' => '/index.php?r=m/user/addressset'
    'SCRIPT_NAME' => '/index.php'
    'PHP_SELF' => '/index.php'
    'REQUEST_TIME_FLOAT' => 1526968797.626
    'REQUEST_TIME' => 1526968797
]
2018-05-22 07:59:57 [::1][-][-][error][yii\web\HttpException:404] exception 'yii\base\InvalidRouteException' with message 'Unable to resolve the request: m/user/addressset' in D:\wamp2\www\yiistudy\vendor\yiisoft\yii2\base\Controller.php:127
Stack trace:
#0 D:\wamp2\www\yiistudy\vendor\yiisoft\yii2\base\Module.php(523): yii\base\Controller->runAction('addressset', Array)
#1 D:\wamp2\www\yiistudy\vendor\yiisoft\yii2\web\Application.php(102): yii\base\Module->runAction('m/user/addresss...', Array)
#2 D:\wamp2\www\yiistudy\vendor\yiisoft\yii2\base\Application.php(380): yii\web\Application->handleRequest(Object(yii\web\Request))
#3 D:\wamp2\www\yiistudy\web\index.php(12): yii\base\Application->run()
#4 {main}

Next exception 'yii\web\NotFoundHttpException' with message 'Page not found.' in D:\wamp2\www\yiistudy\vendor\yiisoft\yii2\web\Application.php:114
Stack trace:
#0 D:\wamp2\www\yiistudy\vendor\yiisoft\yii2\base\Application.php(380): yii\web\Application->handleRequest(Object(yii\web\Request))
#1 D:\wamp2\www\yiistudy\web\index.php(12): yii\base\Application->run()
#2 {main}
2018-05-22 07:59:57 [::1][-][-][info][application] $_GET = [
    'r' => 'm/user/addressset'
]

$_COOKIE = [
    '_csrf' => '25d0139edc55baea8da340996b8d3e3876a38bbb1c04fc2c34c1d3c869c8c6c0a:2:{i:0;s:5:\"_csrf\";i:1;s:32:\"DBZ-RiXoKVpOydrQJh3lWMTweSFalblR\";}'
]

$_SERVER = [
    'HTTP_HOST' => 'localhost'
    'HTTP_CONNECTION' => 'keep-alive'
    'HTTP_CACHE_CONTROL' => 'max-age=0'
    'HTTP_UPGRADE_INSECURE_REQUESTS' => '1'
    'HTTP_USER_AGENT' => 'Mozilla/5.0 (Windows NT 6.1; WOW64) AppleWebKit/537.36 (KHTML, like Gecko) Chrome/66.0.3359.170 Safari/537.36'
    'HTTP_ACCEPT' => 'text/html,application/xhtml+xml,application/xml;q=0.9,image/webp,image/apng,*/*;q=0.8'
    'HTTP_ACCEPT_ENCODING' => 'gzip, deflate, br'
    'HTTP_ACCEPT_LANGUAGE' => 'zh-CN,zh;q=0.9'
    'HTTP_COOKIE' => '_csrf=25d0139edc55baea8da340996b8d3e3876a38bbb1c04fc2c34c1d3c869c8c6c0a%3A2%3A%7Bi%3A0%3Bs%3A5%3A%22_csrf%22%3Bi%3A1%3Bs%3A32%3A%22DBZ-RiXoKVpOydrQJh3lWMTweSFalblR%22%3B%7D'
    'PATH' => 'C:\\Windows\\system32;C:\\Windows;C:\\Windows\\System32\\Wbem;C:\\Windows\\System32\\WindowsPowerShell\\v1.0\\;D:\\svn\\bin;D:\\Git\\cmd;'
    'SystemRoot' => 'C:\\Windows'
    'COMSPEC' => 'C:\\Windows\\system32\\cmd.exe'
    'PATHEXT' => '.COM;.EXE;.BAT;.CMD;.VBS;.VBE;.JS;.JSE;.WSF;.WSH;.MSC'
    'WINDIR' => 'C:\\Windows'
    'SERVER_SIGNATURE' => '<address>Apache/2.4.9 (Win32) PHP/5.5.12 Server at localhost Port 80</address>
'
    'SERVER_SOFTWARE' => 'Apache/2.4.9 (Win32) PHP/5.5.12'
    'SERVER_NAME' => 'localhost'
    'SERVER_ADDR' => '::1'
    'SERVER_PORT' => '80'
    'REMOTE_ADDR' => '::1'
    'DOCUMENT_ROOT' => 'D:/wamp2/www/yiistudy/web/'
    'REQUEST_SCHEME' => 'http'
    'CONTEXT_PREFIX' => ''
    'CONTEXT_DOCUMENT_ROOT' => 'D:/wamp2/www/yiistudy/web/'
    'SERVER_ADMIN' => 'admin@example.com'
    'SCRIPT_FILENAME' => 'D:/wamp2/www/yiistudy/web/index.php'
    'REMOTE_PORT' => '51058'
    'GATEWAY_INTERFACE' => 'CGI/1.1'
    'SERVER_PROTOCOL' => 'HTTP/1.1'
    'REQUEST_METHOD' => 'GET'
    'QUERY_STRING' => 'r=m/user/addressset'
    'REQUEST_URI' => '/index.php?r=m/user/addressset'
    'SCRIPT_NAME' => '/index.php'
    'PHP_SELF' => '/index.php'
    'REQUEST_TIME_FLOAT' => 1526968797.782
    'REQUEST_TIME' => 1526968797
]
2018-05-22 07:59:57 [::1][-][-][error][yii\web\HttpException:404] exception 'yii\base\InvalidRouteException' with message 'Unable to resolve the request: m/user/addressset' in D:\wamp2\www\yiistudy\vendor\yiisoft\yii2\base\Controller.php:127
Stack trace:
#0 D:\wamp2\www\yiistudy\vendor\yiisoft\yii2\base\Module.php(523): yii\base\Controller->runAction('addressset', Array)
#1 D:\wamp2\www\yiistudy\vendor\yiisoft\yii2\web\Application.php(102): yii\base\Module->runAction('m/user/addresss...', Array)
#2 D:\wamp2\www\yiistudy\vendor\yiisoft\yii2\base\Application.php(380): yii\web\Application->handleRequest(Object(yii\web\Request))
#3 D:\wamp2\www\yiistudy\web\index.php(12): yii\base\Application->run()
#4 {main}

Next exception 'yii\web\NotFoundHttpException' with message 'Page not found.' in D:\wamp2\www\yiistudy\vendor\yiisoft\yii2\web\Application.php:114
Stack trace:
#0 D:\wamp2\www\yiistudy\vendor\yiisoft\yii2\base\Application.php(380): yii\web\Application->handleRequest(Object(yii\web\Request))
#1 D:\wamp2\www\yiistudy\web\index.php(12): yii\base\Application->run()
#2 {main}
2018-05-22 07:59:57 [::1][-][-][info][application] $_GET = [
    'r' => 'm/user/addressset'
]

$_COOKIE = [
    '_csrf' => '25d0139edc55baea8da340996b8d3e3876a38bbb1c04fc2c34c1d3c869c8c6c0a:2:{i:0;s:5:\"_csrf\";i:1;s:32:\"DBZ-RiXoKVpOydrQJh3lWMTweSFalblR\";}'
]

$_SERVER = [
    'HTTP_HOST' => 'localhost'
    'HTTP_CONNECTION' => 'keep-alive'
    'HTTP_CACHE_CONTROL' => 'max-age=0'
    'HTTP_UPGRADE_INSECURE_REQUESTS' => '1'
    'HTTP_USER_AGENT' => 'Mozilla/5.0 (Windows NT 6.1; WOW64) AppleWebKit/537.36 (KHTML, like Gecko) Chrome/66.0.3359.170 Safari/537.36'
    'HTTP_ACCEPT' => 'text/html,application/xhtml+xml,application/xml;q=0.9,image/webp,image/apng,*/*;q=0.8'
    'HTTP_ACCEPT_ENCODING' => 'gzip, deflate, br'
    'HTTP_ACCEPT_LANGUAGE' => 'zh-CN,zh;q=0.9'
    'HTTP_COOKIE' => '_csrf=25d0139edc55baea8da340996b8d3e3876a38bbb1c04fc2c34c1d3c869c8c6c0a%3A2%3A%7Bi%3A0%3Bs%3A5%3A%22_csrf%22%3Bi%3A1%3Bs%3A32%3A%22DBZ-RiXoKVpOydrQJh3lWMTweSFalblR%22%3B%7D'
    'PATH' => 'C:\\Windows\\system32;C:\\Windows;C:\\Windows\\System32\\Wbem;C:\\Windows\\System32\\WindowsPowerShell\\v1.0\\;D:\\svn\\bin;D:\\Git\\cmd;'
    'SystemRoot' => 'C:\\Windows'
    'COMSPEC' => 'C:\\Windows\\system32\\cmd.exe'
    'PATHEXT' => '.COM;.EXE;.BAT;.CMD;.VBS;.VBE;.JS;.JSE;.WSF;.WSH;.MSC'
    'WINDIR' => 'C:\\Windows'
    'SERVER_SIGNATURE' => '<address>Apache/2.4.9 (Win32) PHP/5.5.12 Server at localhost Port 80</address>
'
    'SERVER_SOFTWARE' => 'Apache/2.4.9 (Win32) PHP/5.5.12'
    'SERVER_NAME' => 'localhost'
    'SERVER_ADDR' => '::1'
    'SERVER_PORT' => '80'
    'REMOTE_ADDR' => '::1'
    'DOCUMENT_ROOT' => 'D:/wamp2/www/yiistudy/web/'
    'REQUEST_SCHEME' => 'http'
    'CONTEXT_PREFIX' => ''
    'CONTEXT_DOCUMENT_ROOT' => 'D:/wamp2/www/yiistudy/web/'
    'SERVER_ADMIN' => 'admin@example.com'
    'SCRIPT_FILENAME' => 'D:/wamp2/www/yiistudy/web/index.php'
    'REMOTE_PORT' => '51057'
    'GATEWAY_INTERFACE' => 'CGI/1.1'
    'SERVER_PROTOCOL' => 'HTTP/1.1'
    'REQUEST_METHOD' => 'GET'
    'QUERY_STRING' => 'r=m/user/addressset'
    'REQUEST_URI' => '/index.php?r=m/user/addressset'
    'SCRIPT_NAME' => '/index.php'
    'PHP_SELF' => '/index.php'
    'REQUEST_TIME_FLOAT' => 1526968797.935
    'REQUEST_TIME' => 1526968797
]
2018-05-22 07:59:58 [::1][-][-][error][yii\web\HttpException:404] exception 'yii\base\InvalidRouteException' with message 'Unable to resolve the request: m/user/addressset' in D:\wamp2\www\yiistudy\vendor\yiisoft\yii2\base\Controller.php:127
Stack trace:
#0 D:\wamp2\www\yiistudy\vendor\yiisoft\yii2\base\Module.php(523): yii\base\Controller->runAction('addressset', Array)
#1 D:\wamp2\www\yiistudy\vendor\yiisoft\yii2\web\Application.php(102): yii\base\Module->runAction('m/user/addresss...', Array)
#2 D:\wamp2\www\yiistudy\vendor\yiisoft\yii2\base\Application.php(380): yii\web\Application->handleRequest(Object(yii\web\Request))
#3 D:\wamp2\www\yiistudy\web\index.php(12): yii\base\Application->run()
#4 {main}

Next exception 'yii\web\NotFoundHttpException' with message 'Page not found.' in D:\wamp2\www\yiistudy\vendor\yiisoft\yii2\web\Application.php:114
Stack trace:
#0 D:\wamp2\www\yiistudy\vendor\yiisoft\yii2\base\Application.php(380): yii\web\Application->handleRequest(Object(yii\web\Request))
#1 D:\wamp2\www\yiistudy\web\index.php(12): yii\base\Application->run()
#2 {main}
2018-05-22 07:59:58 [::1][-][-][info][application] $_GET = [
    'r' => 'm/user/addressset'
]

$_COOKIE = [
    '_csrf' => '25d0139edc55baea8da340996b8d3e3876a38bbb1c04fc2c34c1d3c869c8c6c0a:2:{i:0;s:5:\"_csrf\";i:1;s:32:\"DBZ-RiXoKVpOydrQJh3lWMTweSFalblR\";}'
]

$_SERVER = [
    'HTTP_HOST' => 'localhost'
    'HTTP_CONNECTION' => 'keep-alive'
    'HTTP_CACHE_CONTROL' => 'max-age=0'
    'HTTP_UPGRADE_INSECURE_REQUESTS' => '1'
    'HTTP_USER_AGENT' => 'Mozilla/5.0 (Windows NT 6.1; WOW64) AppleWebKit/537.36 (KHTML, like Gecko) Chrome/66.0.3359.170 Safari/537.36'
    'HTTP_ACCEPT' => 'text/html,application/xhtml+xml,application/xml;q=0.9,image/webp,image/apng,*/*;q=0.8'
    'HTTP_ACCEPT_ENCODING' => 'gzip, deflate, br'
    'HTTP_ACCEPT_LANGUAGE' => 'zh-CN,zh;q=0.9'
    'HTTP_COOKIE' => '_csrf=25d0139edc55baea8da340996b8d3e3876a38bbb1c04fc2c34c1d3c869c8c6c0a%3A2%3A%7Bi%3A0%3Bs%3A5%3A%22_csrf%22%3Bi%3A1%3Bs%3A32%3A%22DBZ-RiXoKVpOydrQJh3lWMTweSFalblR%22%3B%7D'
    'PATH' => 'C:\\Windows\\system32;C:\\Windows;C:\\Windows\\System32\\Wbem;C:\\Windows\\System32\\WindowsPowerShell\\v1.0\\;D:\\svn\\bin;D:\\Git\\cmd;'
    'SystemRoot' => 'C:\\Windows'
    'COMSPEC' => 'C:\\Windows\\system32\\cmd.exe'
    'PATHEXT' => '.COM;.EXE;.BAT;.CMD;.VBS;.VBE;.JS;.JSE;.WSF;.WSH;.MSC'
    'WINDIR' => 'C:\\Windows'
    'SERVER_SIGNATURE' => '<address>Apache/2.4.9 (Win32) PHP/5.5.12 Server at localhost Port 80</address>
'
    'SERVER_SOFTWARE' => 'Apache/2.4.9 (Win32) PHP/5.5.12'
    'SERVER_NAME' => 'localhost'
    'SERVER_ADDR' => '::1'
    'SERVER_PORT' => '80'
    'REMOTE_ADDR' => '::1'
    'DOCUMENT_ROOT' => 'D:/wamp2/www/yiistudy/web/'
    'REQUEST_SCHEME' => 'http'
    'CONTEXT_PREFIX' => ''
    'CONTEXT_DOCUMENT_ROOT' => 'D:/wamp2/www/yiistudy/web/'
    'SERVER_ADMIN' => 'admin@example.com'
    'SCRIPT_FILENAME' => 'D:/wamp2/www/yiistudy/web/index.php'
    'REMOTE_PORT' => '51058'
    'GATEWAY_INTERFACE' => 'CGI/1.1'
    'SERVER_PROTOCOL' => 'HTTP/1.1'
    'REQUEST_METHOD' => 'GET'
    'QUERY_STRING' => 'r=m/user/addressset'
    'REQUEST_URI' => '/index.php?r=m/user/addressset'
    'SCRIPT_NAME' => '/index.php'
    'PHP_SELF' => '/index.php'
    'REQUEST_TIME_FLOAT' => 1526968798.092
    'REQUEST_TIME' => 1526968798
]
2018-05-22 07:59:58 [::1][-][-][error][yii\web\HttpException:404] exception 'yii\base\InvalidRouteException' with message 'Unable to resolve the request: m/user/addressset' in D:\wamp2\www\yiistudy\vendor\yiisoft\yii2\base\Controller.php:127
Stack trace:
#0 D:\wamp2\www\yiistudy\vendor\yiisoft\yii2\base\Module.php(523): yii\base\Controller->runAction('addressset', Array)
#1 D:\wamp2\www\yiistudy\vendor\yiisoft\yii2\web\Application.php(102): yii\base\Module->runAction('m/user/addresss...', Array)
#2 D:\wamp2\www\yiistudy\vendor\yiisoft\yii2\base\Application.php(380): yii\web\Application->handleRequest(Object(yii\web\Request))
#3 D:\wamp2\www\yiistudy\web\index.php(12): yii\base\Application->run()
#4 {main}

Next exception 'yii\web\NotFoundHttpException' with message 'Page not found.' in D:\wamp2\www\yiistudy\vendor\yiisoft\yii2\web\Application.php:114
Stack trace:
#0 D:\wamp2\www\yiistudy\vendor\yiisoft\yii2\base\Application.php(380): yii\web\Application->handleRequest(Object(yii\web\Request))
#1 D:\wamp2\www\yiistudy\web\index.php(12): yii\base\Application->run()
#2 {main}
2018-05-22 07:59:58 [::1][-][-][info][application] $_GET = [
    'r' => 'm/user/addressset'
]

$_COOKIE = [
    '_csrf' => '25d0139edc55baea8da340996b8d3e3876a38bbb1c04fc2c34c1d3c869c8c6c0a:2:{i:0;s:5:\"_csrf\";i:1;s:32:\"DBZ-RiXoKVpOydrQJh3lWMTweSFalblR\";}'
]

$_SERVER = [
    'HTTP_HOST' => 'localhost'
    'HTTP_CONNECTION' => 'keep-alive'
    'HTTP_CACHE_CONTROL' => 'max-age=0'
    'HTTP_UPGRADE_INSECURE_REQUESTS' => '1'
    'HTTP_USER_AGENT' => 'Mozilla/5.0 (Windows NT 6.1; WOW64) AppleWebKit/537.36 (KHTML, like Gecko) Chrome/66.0.3359.170 Safari/537.36'
    'HTTP_ACCEPT' => 'text/html,application/xhtml+xml,application/xml;q=0.9,image/webp,image/apng,*/*;q=0.8'
    'HTTP_ACCEPT_ENCODING' => 'gzip, deflate, br'
    'HTTP_ACCEPT_LANGUAGE' => 'zh-CN,zh;q=0.9'
    'HTTP_COOKIE' => '_csrf=25d0139edc55baea8da340996b8d3e3876a38bbb1c04fc2c34c1d3c869c8c6c0a%3A2%3A%7Bi%3A0%3Bs%3A5%3A%22_csrf%22%3Bi%3A1%3Bs%3A32%3A%22DBZ-RiXoKVpOydrQJh3lWMTweSFalblR%22%3B%7D'
    'PATH' => 'C:\\Windows\\system32;C:\\Windows;C:\\Windows\\System32\\Wbem;C:\\Windows\\System32\\WindowsPowerShell\\v1.0\\;D:\\svn\\bin;D:\\Git\\cmd;'
    'SystemRoot' => 'C:\\Windows'
    'COMSPEC' => 'C:\\Windows\\system32\\cmd.exe'
    'PATHEXT' => '.COM;.EXE;.BAT;.CMD;.VBS;.VBE;.JS;.JSE;.WSF;.WSH;.MSC'
    'WINDIR' => 'C:\\Windows'
    'SERVER_SIGNATURE' => '<address>Apache/2.4.9 (Win32) PHP/5.5.12 Server at localhost Port 80</address>
'
    'SERVER_SOFTWARE' => 'Apache/2.4.9 (Win32) PHP/5.5.12'
    'SERVER_NAME' => 'localhost'
    'SERVER_ADDR' => '::1'
    'SERVER_PORT' => '80'
    'REMOTE_ADDR' => '::1'
    'DOCUMENT_ROOT' => 'D:/wamp2/www/yiistudy/web/'
    'REQUEST_SCHEME' => 'http'
    'CONTEXT_PREFIX' => ''
    'CONTEXT_DOCUMENT_ROOT' => 'D:/wamp2/www/yiistudy/web/'
    'SERVER_ADMIN' => 'admin@example.com'
    'SCRIPT_FILENAME' => 'D:/wamp2/www/yiistudy/web/index.php'
    'REMOTE_PORT' => '51057'
    'GATEWAY_INTERFACE' => 'CGI/1.1'
    'SERVER_PROTOCOL' => 'HTTP/1.1'
    'REQUEST_METHOD' => 'GET'
    'QUERY_STRING' => 'r=m/user/addressset'
    'REQUEST_URI' => '/index.php?r=m/user/addressset'
    'SCRIPT_NAME' => '/index.php'
    'PHP_SELF' => '/index.php'
    'REQUEST_TIME_FLOAT' => 1526968798.248
    'REQUEST_TIME' => 1526968798
]
2018-05-22 08:00:02 [::1][-][-][error][yii\web\HttpException:404] exception 'yii\base\InvalidRouteException' with message 'Unable to resolve the request: m/user/address_set' in D:\wamp2\www\yiistudy\vendor\yiisoft\yii2\base\Controller.php:127
Stack trace:
#0 D:\wamp2\www\yiistudy\vendor\yiisoft\yii2\base\Module.php(523): yii\base\Controller->runAction('address_set', Array)
#1 D:\wamp2\www\yiistudy\vendor\yiisoft\yii2\web\Application.php(102): yii\base\Module->runAction('m/user/address_...', Array)
#2 D:\wamp2\www\yiistudy\vendor\yiisoft\yii2\base\Application.php(380): yii\web\Application->handleRequest(Object(yii\web\Request))
#3 D:\wamp2\www\yiistudy\web\index.php(12): yii\base\Application->run()
#4 {main}

Next exception 'yii\web\NotFoundHttpException' with message 'Page not found.' in D:\wamp2\www\yiistudy\vendor\yiisoft\yii2\web\Application.php:114
Stack trace:
#0 D:\wamp2\www\yiistudy\vendor\yiisoft\yii2\base\Application.php(380): yii\web\Application->handleRequest(Object(yii\web\Request))
#1 D:\wamp2\www\yiistudy\web\index.php(12): yii\base\Application->run()
#2 {main}
2018-05-22 08:00:02 [::1][-][-][info][application] $_GET = [
    'r' => 'm/user/address_set'
]

$_COOKIE = [
    '_csrf' => '25d0139edc55baea8da340996b8d3e3876a38bbb1c04fc2c34c1d3c869c8c6c0a:2:{i:0;s:5:\"_csrf\";i:1;s:32:\"DBZ-RiXoKVpOydrQJh3lWMTweSFalblR\";}'
]

$_SERVER = [
    'HTTP_HOST' => 'localhost'
    'HTTP_CONNECTION' => 'keep-alive'
    'HTTP_UPGRADE_INSECURE_REQUESTS' => '1'
    'HTTP_USER_AGENT' => 'Mozilla/5.0 (Windows NT 6.1; WOW64) AppleWebKit/537.36 (KHTML, like Gecko) Chrome/66.0.3359.170 Safari/537.36'
    'HTTP_ACCEPT' => 'text/html,application/xhtml+xml,application/xml;q=0.9,image/webp,image/apng,*/*;q=0.8'
    'HTTP_ACCEPT_ENCODING' => 'gzip, deflate, br'
    'HTTP_ACCEPT_LANGUAGE' => 'zh-CN,zh;q=0.9'
    'HTTP_COOKIE' => '_csrf=25d0139edc55baea8da340996b8d3e3876a38bbb1c04fc2c34c1d3c869c8c6c0a%3A2%3A%7Bi%3A0%3Bs%3A5%3A%22_csrf%22%3Bi%3A1%3Bs%3A32%3A%22DBZ-RiXoKVpOydrQJh3lWMTweSFalblR%22%3B%7D'
    'PATH' => 'C:\\Windows\\system32;C:\\Windows;C:\\Windows\\System32\\Wbem;C:\\Windows\\System32\\WindowsPowerShell\\v1.0\\;D:\\svn\\bin;D:\\Git\\cmd;'
    'SystemRoot' => 'C:\\Windows'
    'COMSPEC' => 'C:\\Windows\\system32\\cmd.exe'
    'PATHEXT' => '.COM;.EXE;.BAT;.CMD;.VBS;.VBE;.JS;.JSE;.WSF;.WSH;.MSC'
    'WINDIR' => 'C:\\Windows'
    'SERVER_SIGNATURE' => '<address>Apache/2.4.9 (Win32) PHP/5.5.12 Server at localhost Port 80</address>
'
    'SERVER_SOFTWARE' => 'Apache/2.4.9 (Win32) PHP/5.5.12'
    'SERVER_NAME' => 'localhost'
    'SERVER_ADDR' => '::1'
    'SERVER_PORT' => '80'
    'REMOTE_ADDR' => '::1'
    'DOCUMENT_ROOT' => 'D:/wamp2/www/yiistudy/web/'
    'REQUEST_SCHEME' => 'http'
    'CONTEXT_PREFIX' => ''
    'CONTEXT_DOCUMENT_ROOT' => 'D:/wamp2/www/yiistudy/web/'
    'SERVER_ADMIN' => 'admin@example.com'
    'SCRIPT_FILENAME' => 'D:/wamp2/www/yiistudy/web/index.php'
    'REMOTE_PORT' => '51057'
    'GATEWAY_INTERFACE' => 'CGI/1.1'
    'SERVER_PROTOCOL' => 'HTTP/1.1'
    'REQUEST_METHOD' => 'GET'
    'QUERY_STRING' => 'r=m/user/address_set'
    'REQUEST_URI' => '/index.php?r=m/user/address_set'
    'SCRIPT_NAME' => '/index.php'
    'PHP_SELF' => '/index.php'
    'REQUEST_TIME_FLOAT' => 1526968802.091
    'REQUEST_TIME' => 1526968802
]
2018-05-22 09:17:34 [::1][-][-][error][yii\db\Exception] exception 'PDOException' with message 'SQLSTATE[HY000] [1049] Base 'yii2basic' inconnue' in D:\wamp2\www\yiistudy\vendor\yiisoft\yii2\db\Connection.php:630
Stack trace:
#0 D:\wamp2\www\yiistudy\vendor\yiisoft\yii2\db\Connection.php(630): PDO->__construct('mysql:host=loca...', 'root', '', NULL)
#1 D:\wamp2\www\yiistudy\vendor\yiisoft\yii2\db\Connection.php(563): yii\db\Connection->createPdoInstance()
#2 D:\wamp2\www\yiistudy\vendor\yiisoft\yii2\db\Connection.php(896): yii\db\Connection->open()
#3 D:\wamp2\www\yiistudy\vendor\yiisoft\yii2\db\Connection.php(883): yii\db\Connection->getMasterPdo()
#4 D:\wamp2\www\yiistudy\vendor\yiisoft\yii2\db\Command.php(219): yii\db\Connection->getSlavePdo()
#5 D:\wamp2\www\yiistudy\vendor\yiisoft\yii2\db\Command.php(896): yii\db\Command->prepare('<span class="ke...')
#6 D:\wamp2\www\yiistudy\vendor\yiisoft\yii2\db\Command.php(405): yii\db\Command->queryInternal('<span class="st...', '<span class="nu...')
#7 D:\wamp2\www\yiistudy\vendor\yiisoft\yii2\db\mysql\Schema.php(352): yii\db\Command->queryColumn()
#8 D:\wamp2\www\yiistudy\vendor\yiisoft\yii2\db\Schema.php(234): yii\db\mysql\Schema->findTableNames('<span class="st...')
#9 D:\wamp2\www\yiistudy\vendor\yiisoft\yii2-gii\generators\model\Generator.php(158): yii\db\Schema->getTableNames()
#10 [internal function]: yii\gii\generators\model\Generator->yii\gii\generators\model\{closure}()
#11 D:\wamp2\www\yiistudy\vendor\yiisoft\yii2-gii\components\ActiveField.php(41): call_user_func(Object(Closure))
#12 D:\wamp2\www\yiistudy\vendor\yiisoft\yii2\base\Object.php(107): yii\gii\components\ActiveField->init()
#13 [internal function]: yii\base\Object->__construct(Array)
#14 D:\wamp2\www\yiistudy\vendor\yiisoft\yii2\di\Container.php(381): ReflectionClass->newInstanceArgs(Array)
#15 D:\wamp2\www\yiistudy\vendor\yiisoft\yii2\di\Container.php(156): yii\di\Container->build('yii\\gii\\compone...', Array, Array)
#16 D:\wamp2\www\yiistudy\vendor\yiisoft\yii2\BaseYii.php(344): yii\di\Container->get('yii\\gii\\compone...', Array, Array)
#17 D:\wamp2\www\yiistudy\vendor\yiisoft\yii2\widgets\ActiveForm.php(302): yii\BaseYii::createObject(Array)
#18 D:\wamp2\www\yiistudy\vendor\yiisoft\yii2-gii\generators\model\form.php(9): yii\widgets\ActiveForm->field(Object(yii\gii\generators\model\Generator), 'tableName')
#19 D:\wamp2\www\yiistudy\vendor\yiisoft\yii2\base\View.php(328): require('D:\\wamp2\\www\\yi...')
#20 D:\wamp2\www\yiistudy\vendor\yiisoft\yii2\base\View.php(250): yii\base\View->renderPhpFile('D:\\wamp2\\www\\yi...', Array)
#21 D:\wamp2\www\yiistudy\vendor\yiisoft\yii2-gii\views\default\view.php(38): yii\base\View->renderFile('D:\\wamp2\\www\\yi...', Array)
#22 D:\wamp2\www\yiistudy\vendor\yiisoft\yii2\base\View.php(328): require('D:\\wamp2\\www\\yi...')
#23 D:\wamp2\www\yiistudy\vendor\yiisoft\yii2\base\View.php(250): yii\base\View->renderPhpFile('D:\\wamp2\\www\\yi...', Array)
#24 D:\wamp2\www\yiistudy\vendor\yiisoft\yii2\base\View.php(152): yii\base\View->renderFile('D:\\wamp2\\www\\yi...', Array, Object(yii\gii\controllers\DefaultController))
#25 D:\wamp2\www\yiistudy\vendor\yiisoft\yii2\base\Controller.php(381): yii\base\View->render('view', Array, Object(yii\gii\controllers\DefaultController))
#26 D:\wamp2\www\yiistudy\vendor\yiisoft\yii2-gii\controllers\DefaultController.php(61): yii\base\Controller->render('view', Array)
#27 [internal function]: yii\gii\controllers\DefaultController->actionView('model')
#28 D:\wamp2\www\yiistudy\vendor\yiisoft\yii2\base\InlineAction.php(57): call_user_func_array(Array, Array)
#29 D:\wamp2\www\yiistudy\vendor\yiisoft\yii2\base\Controller.php(156): yii\base\InlineAction->runWithParams(Array)
#30 D:\wamp2\www\yiistudy\vendor\yiisoft\yii2\base\Module.php(523): yii\base\Controller->runAction('view', Array)
#31 D:\wamp2\www\yiistudy\vendor\yiisoft\yii2\web\Application.php(102): yii\base\Module->runAction('gii/default/vie...', Array)
#32 D:\wamp2\www\yiistudy\vendor\yiisoft\yii2\base\Application.php(380): yii\web\Application->handleRequest(Object(yii\web\Request))
#33 D:\wamp2\www\yiistudy\web\index.php(12): yii\base\Application->run()
#34 {main}

Next exception 'yii\db\Exception' with message 'SQLSTATE[HY000] [1049] Base 'yii2basic' inconnue' in D:\wamp2\www\yiistudy\vendor\yiisoft\yii2\db\Connection.php:568
Stack trace:
#0 D:\wamp2\www\yiistudy\vendor\yiisoft\yii2\db\Connection.php(896): yii\db\Connection->open()
#1 D:\wamp2\www\yiistudy\vendor\yiisoft\yii2\db\Connection.php(883): yii\db\Connection->getMasterPdo()
#2 D:\wamp2\www\yiistudy\vendor\yiisoft\yii2\db\Command.php(219): yii\db\Connection->getSlavePdo()
#3 D:\wamp2\www\yiistudy\vendor\yiisoft\yii2\db\Command.php(896): yii\db\Command->prepare('<span class="ke...')
#4 D:\wamp2\www\yiistudy\vendor\yiisoft\yii2\db\Command.php(405): yii\db\Command->queryInternal('<span class="st...', '<span class="nu...')
#5 D:\wamp2\www\yiistudy\vendor\yiisoft\yii2\db\mysql\Schema.php(352): yii\db\Command->queryColumn()
#6 D:\wamp2\www\yiistudy\vendor\yiisoft\yii2\db\Schema.php(234): yii\db\mysql\Schema->findTableNames('<span class="st...')
#7 D:\wamp2\www\yiistudy\vendor\yiisoft\yii2-gii\generators\model\Generator.php(158): yii\db\Schema->getTableNames()
#8 [internal function]: yii\gii\generators\model\Generator->yii\gii\generators\model\{closure}()
#9 D:\wamp2\www\yiistudy\vendor\yiisoft\yii2-gii\components\ActiveField.php(41): call_user_func(Object(Closure))
#10 D:\wamp2\www\yiistudy\vendor\yiisoft\yii2\base\Object.php(107): yii\gii\components\ActiveField->init()
#11 [internal function]: yii\base\Object->__construct(Array)
#12 D:\wamp2\www\yiistudy\vendor\yiisoft\yii2\di\Container.php(381): ReflectionClass->newInstanceArgs(Array)
#13 D:\wamp2\www\yiistudy\vendor\yiisoft\yii2\di\Container.php(156): yii\di\Container->build('yii\\gii\\compone...', Array, Array)
#14 D:\wamp2\www\yiistudy\vendor\yiisoft\yii2\BaseYii.php(344): yii\di\Container->get('yii\\gii\\compone...', Array, Array)
#15 D:\wamp2\www\yiistudy\vendor\yiisoft\yii2\widgets\ActiveForm.php(302): yii\BaseYii::createObject(Array)
#16 D:\wamp2\www\yiistudy\vendor\yiisoft\yii2-gii\generators\model\form.php(9): yii\widgets\ActiveForm->field(Object(yii\gii\generators\model\Generator), 'tableName')
#17 D:\wamp2\www\yiistudy\vendor\yiisoft\yii2\base\View.php(328): require('D:\\wamp2\\www\\yi...')
#18 D:\wamp2\www\yiistudy\vendor\yiisoft\yii2\base\View.php(250): yii\base\View->renderPhpFile('D:\\wamp2\\www\\yi...', Array)
#19 D:\wamp2\www\yiistudy\vendor\yiisoft\yii2-gii\views\default\view.php(38): yii\base\View->renderFile('D:\\wamp2\\www\\yi...', Array)
#20 D:\wamp2\www\yiistudy\vendor\yiisoft\yii2\base\View.php(328): require('D:\\wamp2\\www\\yi...')
#21 D:\wamp2\www\yiistudy\vendor\yiisoft\yii2\base\View.php(250): yii\base\View->renderPhpFile('D:\\wamp2\\www\\yi...', Array)
#22 D:\wamp2\www\yiistudy\vendor\yiisoft\yii2\base\View.php(152): yii\base\View->renderFile('D:\\wamp2\\www\\yi...', Array, Object(yii\gii\controllers\DefaultController))
#23 D:\wamp2\www\yiistudy\vendor\yiisoft\yii2\base\Controller.php(381): yii\base\View->render('view', Array, Object(yii\gii\controllers\DefaultController))
#24 D:\wamp2\www\yiistudy\vendor\yiisoft\yii2-gii\controllers\DefaultController.php(61): yii\base\Controller->render('view', Array)
#25 [internal function]: yii\gii\controllers\DefaultController->actionView('model')
#26 D:\wamp2\www\yiistudy\vendor\yiisoft\yii2\base\InlineAction.php(57): call_user_func_array(Array, Array)
#27 D:\wamp2\www\yiistudy\vendor\yiisoft\yii2\base\Controller.php(156): yii\base\InlineAction->runWithParams(Array)
#28 D:\wamp2\www\yiistudy\vendor\yiisoft\yii2\base\Module.php(523): yii\base\Controller->runAction('view', Array)
#29 D:\wamp2\www\yiistudy\vendor\yiisoft\yii2\web\Application.php(102): yii\base\Module->runAction('gii/default/vie...', Array)
#30 D:\wamp2\www\yiistudy\vendor\yiisoft\yii2\base\Application.php(380): yii\web\Application->handleRequest(Object(yii\web\Request))
#31 D:\wamp2\www\yiistudy\web\index.php(12): yii\base\Application->run()
#32 {main}
Additional Information:

2018-05-22 09:17:34 [::1][-][-][info][application] $_GET = [
    'r' => 'gii/default/view'
    'id' => 'model'
]

$_COOKIE = [
    '_csrf' => '25d0139edc55baea8da340996b8d3e3876a38bbb1c04fc2c34c1d3c869c8c6c0a:2:{i:0;s:5:\"_csrf\";i:1;s:32:\"DBZ-RiXoKVpOydrQJh3lWMTweSFalblR\";}'
]

$_SERVER = [
    'HTTP_HOST' => 'localhost'
    'HTTP_CONNECTION' => 'keep-alive'
    'HTTP_UPGRADE_INSECURE_REQUESTS' => '1'
    'HTTP_USER_AGENT' => 'Mozilla/5.0 (Windows NT 6.1; WOW64) AppleWebKit/537.36 (KHTML, like Gecko) Chrome/66.0.3359.170 Safari/537.36'
    'HTTP_ACCEPT' => 'text/html,application/xhtml+xml,application/xml;q=0.9,image/webp,image/apng,*/*;q=0.8'
    'HTTP_REFERER' => 'http://localhost/index.php?r=gii'
    'HTTP_ACCEPT_ENCODING' => 'gzip, deflate, br'
    'HTTP_ACCEPT_LANGUAGE' => 'zh-CN,zh;q=0.9'
    'HTTP_COOKIE' => '_csrf=25d0139edc55baea8da340996b8d3e3876a38bbb1c04fc2c34c1d3c869c8c6c0a%3A2%3A%7Bi%3A0%3Bs%3A5%3A%22_csrf%22%3Bi%3A1%3Bs%3A32%3A%22DBZ-RiXoKVpOydrQJh3lWMTweSFalblR%22%3B%7D'
    'PATH' => 'C:\\Windows\\system32;C:\\Windows;C:\\Windows\\System32\\Wbem;C:\\Windows\\System32\\WindowsPowerShell\\v1.0\\;D:\\svn\\bin;D:\\Git\\cmd;'
    'SystemRoot' => 'C:\\Windows'
    'COMSPEC' => 'C:\\Windows\\system32\\cmd.exe'
    'PATHEXT' => '.COM;.EXE;.BAT;.CMD;.VBS;.VBE;.JS;.JSE;.WSF;.WSH;.MSC'
    'WINDIR' => 'C:\\Windows'
    'SERVER_SIGNATURE' => '<address>Apache/2.4.9 (Win32) PHP/5.5.12 Server at localhost Port 80</address>
'
    'SERVER_SOFTWARE' => 'Apache/2.4.9 (Win32) PHP/5.5.12'
    'SERVER_NAME' => 'localhost'
    'SERVER_ADDR' => '::1'
    'SERVER_PORT' => '80'
    'REMOTE_ADDR' => '::1'
    'DOCUMENT_ROOT' => 'D:/wamp2/www/yiistudy/web/'
    'REQUEST_SCHEME' => 'http'
    'CONTEXT_PREFIX' => ''
    'CONTEXT_DOCUMENT_ROOT' => 'D:/wamp2/www/yiistudy/web/'
    'SERVER_ADMIN' => 'admin@example.com'
    'SCRIPT_FILENAME' => 'D:/wamp2/www/yiistudy/web/index.php'
    'REMOTE_PORT' => '49403'
    'GATEWAY_INTERFACE' => 'CGI/1.1'
    'SERVER_PROTOCOL' => 'HTTP/1.1'
    'REQUEST_METHOD' => 'GET'
    'QUERY_STRING' => 'r=gii%2Fdefault%2Fview&id=model'
    'REQUEST_URI' => '/index.php?r=gii%2Fdefault%2Fview&id=model'
    'SCRIPT_NAME' => '/index.php'
    'PHP_SELF' => '/index.php'
    'REQUEST_TIME_FLOAT' => 1526973454
    'REQUEST_TIME' => 1526973454
]
2018-05-22 09:19:43 [::1][-][-][error][yii\web\HttpException:404] exception 'yii\base\InvalidRouteException' with message 'Unable to resolve the request: web/brand/index' in D:\wamp2\www\yiistudy\vendor\yiisoft\yii2\base\Controller.php:127
Stack trace:
#0 D:\wamp2\www\yiistudy\vendor\yiisoft\yii2\base\Module.php(523): yii\base\Controller->runAction('index', Array)
#1 D:\wamp2\www\yiistudy\vendor\yiisoft\yii2\web\Application.php(102): yii\base\Module->runAction('web/brand/index', Array)
#2 D:\wamp2\www\yiistudy\vendor\yiisoft\yii2\base\Application.php(380): yii\web\Application->handleRequest(Object(yii\web\Request))
#3 D:\wamp2\www\yiistudy\web\index.php(12): yii\base\Application->run()
#4 {main}

Next exception 'yii\web\NotFoundHttpException' with message 'Page not found.' in D:\wamp2\www\yiistudy\vendor\yiisoft\yii2\web\Application.php:114
Stack trace:
#0 D:\wamp2\www\yiistudy\vendor\yiisoft\yii2\base\Application.php(380): yii\web\Application->handleRequest(Object(yii\web\Request))
#1 D:\wamp2\www\yiistudy\web\index.php(12): yii\base\Application->run()
#2 {main}
2018-05-22 09:19:43 [::1][-][-][info][application] $_GET = [
    'r' => 'web/brand/index'
]

$_COOKIE = [
    '_csrf' => '25d0139edc55baea8da340996b8d3e3876a38bbb1c04fc2c34c1d3c869c8c6c0a:2:{i:0;s:5:\"_csrf\";i:1;s:32:\"DBZ-RiXoKVpOydrQJh3lWMTweSFalblR\";}'
]

$_SERVER = [
    'HTTP_HOST' => 'localhost'
    'HTTP_CONNECTION' => 'keep-alive'
    'HTTP_UPGRADE_INSECURE_REQUESTS' => '1'
    'HTTP_USER_AGENT' => 'Mozilla/5.0 (Windows NT 6.1; WOW64) AppleWebKit/537.36 (KHTML, like Gecko) Chrome/66.0.3359.170 Safari/537.36'
    'HTTP_ACCEPT' => 'text/html,application/xhtml+xml,application/xml;q=0.9,image/webp,image/apng,*/*;q=0.8'
    'HTTP_ACCEPT_ENCODING' => 'gzip, deflate, br'
    'HTTP_ACCEPT_LANGUAGE' => 'zh-CN,zh;q=0.9'
    'HTTP_COOKIE' => '_csrf=25d0139edc55baea8da340996b8d3e3876a38bbb1c04fc2c34c1d3c869c8c6c0a%3A2%3A%7Bi%3A0%3Bs%3A5%3A%22_csrf%22%3Bi%3A1%3Bs%3A32%3A%22DBZ-RiXoKVpOydrQJh3lWMTweSFalblR%22%3B%7D'
    'PATH' => 'C:\\Windows\\system32;C:\\Windows;C:\\Windows\\System32\\Wbem;C:\\Windows\\System32\\WindowsPowerShell\\v1.0\\;D:\\svn\\bin;D:\\Git\\cmd;'
    'SystemRoot' => 'C:\\Windows'
    'COMSPEC' => 'C:\\Windows\\system32\\cmd.exe'
    'PATHEXT' => '.COM;.EXE;.BAT;.CMD;.VBS;.VBE;.JS;.JSE;.WSF;.WSH;.MSC'
    'WINDIR' => 'C:\\Windows'
    'SERVER_SIGNATURE' => '<address>Apache/2.4.9 (Win32) PHP/5.5.12 Server at localhost Port 80</address>
'
    'SERVER_SOFTWARE' => 'Apache/2.4.9 (Win32) PHP/5.5.12'
    'SERVER_NAME' => 'localhost'
    'SERVER_ADDR' => '::1'
    'SERVER_PORT' => '80'
    'REMOTE_ADDR' => '::1'
    'DOCUMENT_ROOT' => 'D:/wamp2/www/yiistudy/web/'
    'REQUEST_SCHEME' => 'http'
    'CONTEXT_PREFIX' => ''
    'CONTEXT_DOCUMENT_ROOT' => 'D:/wamp2/www/yiistudy/web/'
    'SERVER_ADMIN' => 'admin@example.com'
    'SCRIPT_FILENAME' => 'D:/wamp2/www/yiistudy/web/index.php'
    'REMOTE_PORT' => '49503'
    'GATEWAY_INTERFACE' => 'CGI/1.1'
    'SERVER_PROTOCOL' => 'HTTP/1.1'
    'REQUEST_METHOD' => 'GET'
    'QUERY_STRING' => 'r=web/brand/index'
    'REQUEST_URI' => '/index.php?r=web/brand/index'
    'SCRIPT_NAME' => '/index.php'
    'PHP_SELF' => '/index.php'
    'REQUEST_TIME_FLOAT' => 1526973583.333
    'REQUEST_TIME' => 1526973583
]
2018-06-06 03:55:14 [::1][-][-][error][yii\web\HttpException:404] exception 'yii\base\InvalidRouteException' with message 'Unable to resolve the request "admin/admin/index".' in D:\wamp2\www\yiistudy\vendor\yiisoft\yii2\base\Module.php:532
Stack trace:
#0 D:\wamp2\www\yiistudy\vendor\yiisoft\yii2\web\Application.php(102): yii\base\Module->runAction('admin/admin/ind...', Array)
#1 D:\wamp2\www\yiistudy\vendor\yiisoft\yii2\base\Application.php(380): yii\web\Application->handleRequest(Object(yii\web\Request))
#2 D:\wamp2\www\yiistudy\web\index.php(12): yii\base\Application->run()
#3 {main}

Next exception 'yii\web\NotFoundHttpException' with message 'Page not found.' in D:\wamp2\www\yiistudy\vendor\yiisoft\yii2\web\Application.php:114
Stack trace:
#0 D:\wamp2\www\yiistudy\vendor\yiisoft\yii2\base\Application.php(380): yii\web\Application->handleRequest(Object(yii\web\Request))
#1 D:\wamp2\www\yiistudy\web\index.php(12): yii\base\Application->run()
#2 {main}
2018-06-06 03:55:14 [::1][-][-][info][application] $_GET = [
    'r' => 'admin/admin/index'
]

$_SERVER = [
    'HTTP_HOST' => 'localhost'
    'HTTP_CONNECTION' => 'keep-alive'
    'HTTP_UPGRADE_INSECURE_REQUESTS' => '1'
    'HTTP_USER_AGENT' => 'Mozilla/5.0 (Windows NT 6.1; WOW64) AppleWebKit/537.36 (KHTML, like Gecko) Chrome/66.0.3359.170 Safari/537.36'
    'HTTP_ACCEPT' => 'text/html,application/xhtml+xml,application/xml;q=0.9,image/webp,image/apng,*/*;q=0.8'
    'HTTP_ACCEPT_ENCODING' => 'gzip, deflate, br'
    'HTTP_ACCEPT_LANGUAGE' => 'zh-CN,zh;q=0.9'
    'PATH' => 'C:\\Windows\\system32;C:\\Windows;C:\\Windows\\System32\\Wbem;C:\\Windows\\System32\\WindowsPowerShell\\v1.0\\;D:\\svn\\bin;D:\\Git\\cmd;'
    'SystemRoot' => 'C:\\Windows'
    'COMSPEC' => 'C:\\Windows\\system32\\cmd.exe'
    'PATHEXT' => '.COM;.EXE;.BAT;.CMD;.VBS;.VBE;.JS;.JSE;.WSF;.WSH;.MSC'
    'WINDIR' => 'C:\\Windows'
    'SERVER_SIGNATURE' => '<address>Apache/2.4.9 (Win32) PHP/5.5.12 Server at localhost Port 80</address>
'
    'SERVER_SOFTWARE' => 'Apache/2.4.9 (Win32) PHP/5.5.12'
    'SERVER_NAME' => 'localhost'
    'SERVER_ADDR' => '::1'
    'SERVER_PORT' => '80'
    'REMOTE_ADDR' => '::1'
    'DOCUMENT_ROOT' => 'D:/wamp2/www/yiistudy/web/'
    'REQUEST_SCHEME' => 'http'
    'CONTEXT_PREFIX' => ''
    'CONTEXT_DOCUMENT_ROOT' => 'D:/wamp2/www/yiistudy/web/'
    'SERVER_ADMIN' => 'admin@example.com'
    'SCRIPT_FILENAME' => 'D:/wamp2/www/yiistudy/web/index.php'
    'REMOTE_PORT' => '52313'
    'GATEWAY_INTERFACE' => 'CGI/1.1'
    'SERVER_PROTOCOL' => 'HTTP/1.1'
    'REQUEST_METHOD' => 'GET'
    'QUERY_STRING' => 'r=admin%2Fadmin%2Findex'
    'REQUEST_URI' => '/index.php?r=admin%2Fadmin%2Findex'
    'SCRIPT_NAME' => '/index.php'
    'PHP_SELF' => '/index.php'
    'REQUEST_TIME_FLOAT' => 1528250113.456
    'REQUEST_TIME' => 1528250113
]
